26-Oct-2018 12:45:18.943 INFORMATION [main] org.apache.catalina.startup.VersionLoggerListener.log Server version:        Apache Tomcat/9.0.5
26-Oct-2018 12:45:18.952 INFORMATION [main] org.apache.catalina.startup.VersionLoggerListener.log Server built:          Feb 6 2018 21:42:23 UTC
26-Oct-2018 12:45:18.953 INFORMATION [main] org.apache.catalina.startup.VersionLoggerListener.log Server number:         9.0.5.0
26-Oct-2018 12:45:18.953 INFORMATION [main] org.apache.catalina.startup.VersionLoggerListener.log OS Name:               Windows 10
26-Oct-2018 12:45:18.953 INFORMATION [main] org.apache.catalina.startup.VersionLoggerListener.log OS Version:            10.0
26-Oct-2018 12:45:18.953 INFORMATION [main] org.apache.catalina.startup.VersionLoggerListener.log Architecture:          amd64
26-Oct-2018 12:45:18.954 INFORMATION [main] org.apache.catalina.startup.VersionLoggerListener.log Java Home:             C:\Progra~1\Java\jre1.8.0_171
26-Oct-2018 12:45:18.954 INFORMATION [main] org.apache.catalina.startup.VersionLoggerListener.log JVM Version:           1.8.0_171-b11
26-Oct-2018 12:45:18.954 INFORMATION [main] org.apache.catalina.startup.VersionLoggerListener.log JVM Vendor:            Oracle Corporation
26-Oct-2018 12:45:18.954 INFORMATION [main] org.apache.catalina.startup.VersionLoggerListener.log CATALINA_BASE:         C:\Users\XXX\Downloads\camunda-bpm-tomcat-7.9.0 (1)\server\apache-tomcat-9.0.5
26-Oct-2018 12:45:18.954 INFORMATION [main] org.apache.catalina.startup.VersionLoggerListener.log CATALINA_HOME:         C:\Users\XXX\Downloads\camunda-bpm-tomcat-7.9.0 (1)\server\apache-tomcat-9.0.5
26-Oct-2018 12:45:18.960 INFORMATION [main] org.apache.catalina.startup.VersionLoggerListener.log Command line argument: -Djava.util.logging.config.file=C:\Users\XXX\Downloads\camunda-bpm-tomcat-7.9.0 (1)\server\apache-tomcat-9.0.5\conf\logging.properties
26-Oct-2018 12:45:18.961 INFORMATION [main] org.apache.catalina.startup.VersionLoggerListener.log Command line argument: -Djava.util.logging.manager=org.apache.juli.ClassLoaderLogManager
26-Oct-2018 12:45:18.962 INFORMATION [main] org.apache.catalina.startup.VersionLoggerListener.log Command line argument: -Djdk.tls.ephemeralDHKeySize=2048
26-Oct-2018 12:45:18.968 INFORMATION [main] org.apache.catalina.startup.VersionLoggerListener.log Command line argument: -Djava.protocol.handler.pkgs=org.apache.catalina.webresources
26-Oct-2018 12:45:18.970 INFORMATION [main] org.apache.catalina.startup.VersionLoggerListener.log Command line argument: -Xmx512m
26-Oct-2018 12:45:18.971 INFORMATION [main] org.apache.catalina.startup.VersionLoggerListener.log Command line argument: -XX:MaxPermSize=256m
26-Oct-2018 12:45:18.973 INFORMATION [main] org.apache.catalina.startup.VersionLoggerListener.log Command line argument: -XX:PermSize=256m
26-Oct-2018 12:45:18.974 INFORMATION [main] org.apache.catalina.startup.VersionLoggerListener.log Command line argument: -Dignore.endorsed.dirs=
26-Oct-2018 12:45:18.975 INFORMATION [main] org.apache.catalina.startup.VersionLoggerListener.log Command line argument: -Dcatalina.base=C:\Users\XXX\Downloads\camunda-bpm-tomcat-7.9.0 (1)\server\apache-tomcat-9.0.5
26-Oct-2018 12:45:18.982 INFORMATION [main] org.apache.catalina.startup.VersionLoggerListener.log Command line argument: -Dcatalina.home=C:\Users\XXX\Downloads\camunda-bpm-tomcat-7.9.0 (1)\server\apache-tomcat-9.0.5
26-Oct-2018 12:45:18.984 INFORMATION [main] org.apache.catalina.startup.VersionLoggerListener.log Command line argument: -Djava.io.tmpdir=C:\Users\XXX\Downloads\camunda-bpm-tomcat-7.9.0 (1)\server\apache-tomcat-9.0.5\temp
26-Oct-2018 12:45:18.985 INFORMATION [main] org.apache.catalina.core.AprLifecycleListener.lifecycleEvent The APR based Apache Tomcat Native library which allows optimal performance in production environments was not found on the java.library.path: [C:\Progra~1\Java\jre1.8.0_171\bin;C:\WINDOWS\Sun\Java\bin;C:\WINDOWS\system32;C:\WINDOWS;C:\Program Files\Docker\Docker\Resources\bin;C:\Program Files (x86)\Common Files\Oracle\Java\javapath;C:\Python27\;C:\Python27\Scripts;C:\Python36\Scripts\;C:\Python36\;C:\Program Files (x86)\Razer Chroma SDK\bin;C:\Program Files\Razer Chroma SDK\bin;C:\ProgramData\Oracle\Java\javapath;C:\WINDOWS\system32;C:\WINDOWS;C:\WINDOWS\System32\Wbem;C:\WINDOWS\System32\WindowsPowerShell\v1.0\;C:\Program Files\Git\cmd;C:\Program Files (x86)\Yarn\bin;C:\ProgramData\chocolatey\bin;C:\Users\XXX\AppData\Local\Microsoft\WindowsApps;C:\Users\XXX\AppData\Local\atom\bin;C:\Users\XXX\.babun;C:\Users\XXX\AppData\Local\Yarn\.bin;C:\Users\XXX\AppData\Roaming\npm;C:\Program Files (x86)\OpenVPN\bin;C:\Program Files\Microsoft VS Code\bin;C:\Program Files (x86)\NoteBook FanControl\;C:\WINDOWS\system32;C:\WINDOWS;C:\WINDOWS\System32\Wbem;C:\WINDOWS\System32\WindowsPowerShell\v1.0\;C:\WINDOWS\System32\OpenSSH\;C:\Users\XXX\AppData\Roaming\nvm;C:\Program Files\nodejs;C:\Program Files (x86)\Windows Kits\8.1\Windows Performance Toolkit\;C:\Program Files\Gource\cmd;C:\Program Files\PostgreSQL\9.6\bin;C:\tools\ruby25\bin;C:\Users\XXX\AppData\Local\hyper\app-2.0.0\resources\bin;C:\ffmpeg\bin;.]
26-Oct-2018 12:45:19.416 INFORMATION [main] org.apache.coyote.AbstractProtocol.init Initializing ProtocolHandler ["http-nio-8080"]
26-Oct-2018 12:45:20.480 INFORMATION [main] org.apache.tomcat.util.net.NioSelectorPool.getSharedSelector Using a shared selector for servlet write/read
26-Oct-2018 12:45:20.501 INFORMATION [main] org.apache.coyote.AbstractProtocol.init Initializing ProtocolHandler ["ajp-nio-8009"]
26-Oct-2018 12:45:20.513 INFORMATION [main] org.apache.tomcat.util.net.NioSelectorPool.getSharedSelector Using a shared selector for servlet write/read
26-Oct-2018 12:45:20.517 INFORMATION [main] org.apache.catalina.startup.Catalina.load Initialization processed in 2599 ms
26-Oct-2018 12:45:21.590 INFORMATION [main] org.camunda.commons.logging.BaseLogger.logInfo ENGINE-08046 Found camunda bpm platform configuration in CATALINA_BASE/CATALINA_HOME conf directory [C:\Users\XXX\Downloads\camunda-bpm-tomcat-7.9.0 (1)\server\apache-tomcat-9.0.5\conf\bpm-platform.xml] at 'file:/C:/Users/XXX/Downloads/camunda-bpm-tomcat-7.9.0%20(1)/server/apache-tomcat-9.0.5/conf/bpm-platform.xml'
26-Oct-2018 12:45:22.617 INFORMATION [main] org.camunda.commons.logging.BaseLogger.logInfo ENGINE-12003 Plugin 'ProcessApplicationEventListenerPlugin' activated on process engine 'default'
26-Oct-2018 12:45:22.631 INFORMATION [main] org.camunda.commons.logging.BaseLogger.logInfo ENGINE-12003 Plugin 'SpinProcessEnginePlugin' activated on process engine 'default'
26-Oct-2018 12:45:22.637 INFORMATION [main] org.camunda.commons.logging.BaseLogger.logInfo SPIN-01010 Discovered Spin data format provider: org.camunda.spin.impl.json.jackson.format.JacksonJsonDataFormatProvider[name = application/json]
26-Oct-2018 12:45:22.956 INFORMATION [main] org.camunda.commons.logging.BaseLogger.logInfo SPIN-01010 Discovered Spin data format provider: org.camunda.spin.impl.xml.dom.format.DomXmlDataFormatProvider[name = application/xml]
26-Oct-2018 12:45:22.975 INFORMATION [main] org.camunda.commons.logging.BaseLogger.logInfo SPIN-01009 Discovered Spin data format: org.camunda.spin.impl.xml.dom.format.DomXmlDataFormat[name = application/xml]
26-Oct-2018 12:45:22.976 INFORMATION [main] org.camunda.commons.logging.BaseLogger.logInfo SPIN-01009 Discovered Spin data format: org.camunda.spin.impl.json.jackson.format.JacksonJsonDataFormat[name = application/json]
26-Oct-2018 12:45:22.979 INFORMATION [main] org.camunda.commons.logging.BaseLogger.logInfo ENGINE-12003 Plugin 'ConnectProcessEnginePlugin' activated on process engine 'default'
26-Oct-2018 12:45:23.902 INFORMATION [main] org.camunda.commons.logging.BaseLogger.logInfo CNCT-01004 Discovered provider for connector id 'http-connector' and class 'org.camunda.connect.httpclient.impl.HttpConnectorImpl': 'org.camunda.connect.httpclient.impl.HttpConnectorProviderImpl'
26-Oct-2018 12:45:23.906 INFORMATION [main] org.camunda.commons.logging.BaseLogger.logInfo CNCT-01004 Discovered provider for connector id 'soap-http-connector' and class 'org.camunda.connect.httpclient.soap.impl.SoapHttpConnectorImpl': 'org.camunda.connect.httpclient.soap.impl.SoapHttpConnectorProviderImpl'
26-Oct-2018 12:45:27.870 INFORMATION [main] org.camunda.commons.logging.BaseLogger.logInfo ENGINE-00001 Process Engine default created.
26-Oct-2018 12:45:27.873 INFORMATION [main] org.camunda.commons.logging.BaseLogger.logInfo ENGINE-14014 Starting up the JobExecutor[org.camunda.bpm.engine.impl.jobexecutor.RuntimeContainerJobExecutor].
26-Oct-2018 12:45:27.876 INFORMATION [Thread-6] org.camunda.commons.logging.BaseLogger.logInfo ENGINE-14018 JobExecutor[org.camunda.bpm.engine.impl.jobexecutor.RuntimeContainerJobExecutor] starting to acquire jobs
26-Oct-2018 12:45:27.894 INFORMATION [main] org.camunda.commons.logging.BaseLogger.logInfo ENGINE-08048 Camunda BPM platform sucessfully started at 'Apache Tomcat/9.0.5'.
26-Oct-2018 12:45:27.924 INFORMATION [main] org.apache.catalina.core.StandardService.startInternal Starting service [Catalina]
26-Oct-2018 12:45:27.924 INFORMATION [main] org.apache.catalina.core.StandardEngine.startInternal Starting Servlet Engine: Apache Tomcat/9.0.5
26-Oct-2018 12:45:27.947 INFORMATION [main] org.apache.catalina.startup.HostConfig.deployDirectory Deploying web application directory [C:\Users\XXX\Downloads\camunda-bpm-tomcat-7.9.0 (1)\server\apache-tomcat-9.0.5\webapps\camunda]
26-Oct-2018 12:45:34.943 INFORMATION [main] org.apache.jasper.servlet.TldScanner.scanJars At least one JAR was scanned for TLDs yet contained no TLDs. Enable debug logging for this logger for a complete list of JARs that were scanned but no TLDs were found in them. Skipping unneeded JARs during scanning can improve startup time and JSP compilation time.
26-Oct-2018 12:45:35.717 INFORMATION [main] org.apache.catalina.startup.HostConfig.deployDirectory Deployment of web application directory [C:\Users\XXX\Downloads\camunda-bpm-tomcat-7.9.0 (1)\server\apache-tomcat-9.0.5\webapps\camunda] has finished in [7,769] ms
26-Oct-2018 12:45:35.718 INFORMATION [main] org.apache.catalina.startup.HostConfig.deployDirectory Deploying web application directory [C:\Users\XXX\Downloads\camunda-bpm-tomcat-7.9.0 (1)\server\apache-tomcat-9.0.5\webapps\camunda-invoice]
26-Oct-2018 12:45:39.566 INFORMATION [main] org.camunda.commons.logging.BaseLogger.logInfo ENGINE-07015 Detected @ProcessApplication class 'org.camunda.bpm.example.invoice.InvoiceProcessApplication'
26-Oct-2018 12:45:39.630 INFORMATION [main] org.apache.jasper.servlet.TldScanner.scanJars At least one JAR was scanned for TLDs yet contained no TLDs. Enable debug logging for this logger for a complete list of JARs that were scanned but no TLDs were found in them. Skipping unneeded JARs during scanning can improve startup time and JSP compilation time.
26-Oct-2018 12:45:39.641 INFORMATION [main] org.camunda.commons.logging.BaseLogger.logInfo ENGINE-08024 Found processes.xml file at file:/C:/Users/XXX/Downloads/camunda-bpm-tomcat-7.9.0%20(1)/server/apache-tomcat-9.0.5/webapps/camunda-invoice/WEB-INF/classes/META-INF/processes.xml
26-Oct-2018 12:45:39.698 INFORMATION [main] org.camunda.commons.logging.BaseLogger.logInfo ENGINE-08023 Deployment summary for process archive 'camunda-invoice': 

        invoiceBusinessDecisions.dmn
        invoice.v2.bpmn
        review-invoice.cmmn

26-Oct-2018 12:45:40.686 INFORMATION [main] org.camunda.commons.logging.BaseLogger.logInfo ENGINE-07021 ProcessApplication 'camunda-invoice' registered for DB deployments [c17d2ce9-d074-11e8-a940-68f72804702d, c0d3a66f-d074-11e8-a940-68f72804702d]. Will execute process definitions 

        invoice[version: 2, id: invoice:2:c188c5ad-d074-11e8-a940-68f72804702d]
        invoice[version: 1, id: invoice:1:c0f670b3-d074-11e8-a940-68f72804702d]

Will execute case definitions 

        ReviewInvoiceCase[version: 2, id: ReviewInvoiceCase:2:c19325ef-d074-11e8-a940-68f72804702d]
        ReviewInvoiceCase[version: 1, id: ReviewInvoiceCase:1:c142bbf5-d074-11e8-a940-68f72804702d]

26-Oct-2018 12:45:40.716 INFORMATION [main] org.camunda.commons.logging.BaseLogger.logInfo SPIN-01010 Discovered Spin data format provider: org.camunda.spin.impl.json.jackson.format.JacksonJsonDataFormatProvider[name = application/json]
26-Oct-2018 12:45:40.723 INFORMATION [main] org.camunda.commons.logging.BaseLogger.logInfo SPIN-01010 Discovered Spin data format provider: org.camunda.spin.impl.xml.dom.format.DomXmlDataFormatProvider[name = application/xml]
26-Oct-2018 12:45:40.733 INFORMATION [main] org.camunda.commons.logging.BaseLogger.logInfo SPIN-01009 Discovered Spin data format: org.camunda.spin.impl.xml.dom.format.DomXmlDataFormat[name = application/xml]
26-Oct-2018 12:45:40.734 INFORMATION [main] org.camunda.commons.logging.BaseLogger.logInfo SPIN-01009 Discovered Spin data format: org.camunda.spin.impl.json.jackson.format.JacksonJsonDataFormat[name = application/json]
26-Oct-2018 12:45:40.912 INFORMATION [main] org.camunda.bpm.example.invoice.InvoiceProcessApplication.startProcessInstances No new instances of Invoice Receipt version 1 started, there are 3 instances running
26-Oct-2018 12:45:40.982 INFORMATION [main] org.camunda.bpm.example.invoice.InvoiceProcessApplication.startProcessInstances No new instances of Invoice Receipt version 2 started, there are 1 instances running
26-Oct-2018 12:45:40.986 INFORMATION [main] org.camunda.commons.logging.BaseLogger.logInfo ENGINE-08050 Process application camunda-invoice successfully deployed
26-Oct-2018 12:45:40.998 INFORMATION [main] org.apache.catalina.startup.HostConfig.deployDirectory Deployment of web application directory [C:\Users\XXX\Downloads\camunda-bpm-tomcat-7.9.0 (1)\server\apache-tomcat-9.0.5\webapps\camunda-invoice] has finished in [5,280] ms
26-Oct-2018 12:45:40.999 INFORMATION [main] org.apache.catalina.startup.HostConfig.deployDirectory Deploying web application directory [C:\Users\XXX\Downloads\camunda-bpm-tomcat-7.9.0 (1)\server\apache-tomcat-9.0.5\webapps\camunda-welcome]
26-Oct-2018 12:45:45.067 INFORMATION [main] org.apache.jasper.servlet.TldScanner.scanJars At least one JAR was scanned for TLDs yet contained no TLDs. Enable debug logging for this logger for a complete list of JARs that were scanned but no TLDs were found in them. Skipping unneeded JARs during scanning can improve startup time and JSP compilation time.
26-Oct-2018 12:45:45.077 INFORMATION [main] org.apache.catalina.startup.HostConfig.deployDirectory Deployment of web application directory [C:\Users\XXX\Downloads\camunda-bpm-tomcat-7.9.0 (1)\server\apache-tomcat-9.0.5\webapps\camunda-welcome] has finished in [4,078] ms
26-Oct-2018 12:45:45.080 INFORMATION [main] org.apache.catalina.startup.HostConfig.deployDirectory Deploying web application directory [C:\Users\XXX\Downloads\camunda-bpm-tomcat-7.9.0 (1)\server\apache-tomcat-9.0.5\webapps\docs]
26-Oct-2018 12:45:48.403 INFORMATION [main] org.apache.jasper.servlet.TldScanner.scanJars At least one JAR was scanned for TLDs yet contained no TLDs. Enable debug logging for this logger for a complete list of JARs that were scanned but no TLDs were found in them. Skipping unneeded JARs during scanning can improve startup time and JSP compilation time.
26-Oct-2018 12:45:48.409 INFORMATION [main] org.apache.catalina.startup.HostConfig.deployDirectory Deployment of web application directory [C:\Users\XXX\Downloads\camunda-bpm-tomcat-7.9.0 (1)\server\apache-tomcat-9.0.5\webapps\docs] has finished in [3,330] ms
26-Oct-2018 12:45:48.410 INFORMATION [main] org.apache.catalina.startup.HostConfig.deployDirectory Deploying web application directory [C:\Users\XXX\Downloads\camunda-bpm-tomcat-7.9.0 (1)\server\apache-tomcat-9.0.5\webapps\engine-rest]
26-Oct-2018 12:45:52.035 INFORMATION [main] org.apache.jasper.servlet.TldScanner.scanJars At least one JAR was scanned for TLDs yet contained no TLDs. Enable debug logging for this logger for a complete list of JARs that were scanned but no TLDs were found in them. Skipping unneeded JARs during scanning can improve startup time and JSP compilation time.
26-Oct-2018 12:45:52.384 INFORMATION [main] org.apache.catalina.startup.HostConfig.deployDirectory Deployment of web application directory [C:\Users\XXX\Downloads\camunda-bpm-tomcat-7.9.0 (1)\server\apache-tomcat-9.0.5\webapps\engine-rest] has finished in [3,973] ms
26-Oct-2018 12:45:52.385 INFORMATION [main] org.apache.catalina.startup.HostConfig.deployDirectory Deploying web application directory [C:\Users\XXX\Downloads\camunda-bpm-tomcat-7.9.0 (1)\server\apache-tomcat-9.0.5\webapps\examples]
26-Oct-2018 12:45:56.520 INFORMATION [main] org.apache.jasper.servlet.TldScanner.scanJars At least one JAR was scanned for TLDs yet contained no TLDs. Enable debug logging for this logger for a complete list of JARs that were scanned but no TLDs were found in them. Skipping unneeded JARs during scanning can improve startup time and JSP compilation time.
26-Oct-2018 12:45:56.619 INFORMATION [main] org.apache.catalina.startup.HostConfig.deployDirectory Deployment of web application directory [C:\Users\XXX\Downloads\camunda-bpm-tomcat-7.9.0 (1)\server\apache-tomcat-9.0.5\webapps\examples] has finished in [4,233] ms
26-Oct-2018 12:45:56.620 INFORMATION [main] org.apache.catalina.startup.HostConfig.deployDirectory Deploying web application directory [C:\Users\XXX\Downloads\camunda-bpm-tomcat-7.9.0 (1)\server\apache-tomcat-9.0.5\webapps\h2]
26-Oct-2018 12:45:59.400 INFORMATION [main] org.apache.jasper.servlet.TldScanner.scanJars At least one JAR was scanned for TLDs yet contained no TLDs. Enable debug logging for this logger for a complete list of JARs that were scanned but no TLDs were found in them. Skipping unneeded JARs during scanning can improve startup time and JSP compilation time.
26-Oct-2018 12:45:59.411 INFORMATION [main] org.apache.catalina.startup.HostConfig.deployDirectory Deployment of web application directory [C:\Users\XXX\Downloads\camunda-bpm-tomcat-7.9.0 (1)\server\apache-tomcat-9.0.5\webapps\h2] has finished in [2,791] ms
26-Oct-2018 12:45:59.413 INFORMATION [main] org.apache.catalina.startup.HostConfig.deployDirectory Deploying web application directory [C:\Users\XXX\Downloads\camunda-bpm-tomcat-7.9.0 (1)\server\apache-tomcat-9.0.5\webapps\host-manager]
26-Oct-2018 12:46:02.139 INFORMATION [main] org.apache.jasper.servlet.TldScanner.scanJars At least one JAR was scanned for TLDs yet contained no TLDs. Enable debug logging for this logger for a complete list of JARs that were scanned but no TLDs were found in them. Skipping unneeded JARs during scanning can improve startup time and JSP compilation time.
26-Oct-2018 12:46:02.150 INFORMATION [main] org.apache.catalina.startup.HostConfig.deployDirectory Deployment of web application directory [C:\Users\XXX\Downloads\camunda-bpm-tomcat-7.9.0 (1)\server\apache-tomcat-9.0.5\webapps\host-manager] has finished in [2,737] ms
26-Oct-2018 12:46:02.151 INFORMATION [main] org.apache.catalina.startup.HostConfig.deployDirectory Deploying web application directory [C:\Users\XXX\Downloads\camunda-bpm-tomcat-7.9.0 (1)\server\apache-tomcat-9.0.5\webapps\manager]
26-Oct-2018 12:46:04.792 INFORMATION [main] org.apache.jasper.servlet.TldScanner.scanJars At least one JAR was scanned for TLDs yet contained no TLDs. Enable debug logging for this logger for a complete list of JARs that were scanned but no TLDs were found in them. Skipping unneeded JARs during scanning can improve startup time and JSP compilation time.
26-Oct-2018 12:46:04.798 INFORMATION [main] org.apache.catalina.startup.HostConfig.deployDirectory Deployment of web application directory [C:\Users\XXX\Downloads\camunda-bpm-tomcat-7.9.0 (1)\server\apache-tomcat-9.0.5\webapps\manager] has finished in [2,647] ms
26-Oct-2018 12:46:04.799 INFORMATION [main] org.apache.catalina.startup.HostConfig.deployDirectory Deploying web application directory [C:\Users\XXX\Downloads\camunda-bpm-tomcat-7.9.0 (1)\server\apache-tomcat-9.0.5\webapps\ROOT]
26-Oct-2018 12:46:07.327 INFORMATION [main] org.apache.jasper.servlet.TldScanner.scanJars At least one JAR was scanned for TLDs yet contained no TLDs. Enable debug logging for this logger for a complete list of JARs that were scanned but no TLDs were found in them. Skipping unneeded JARs during scanning can improve startup time and JSP compilation time.
26-Oct-2018 12:46:07.333 INFORMATION [main] org.apache.catalina.startup.HostConfig.deployDirectory Deployment of web application directory [C:\Users\XXX\Downloads\camunda-bpm-tomcat-7.9.0 (1)\server\apache-tomcat-9.0.5\webapps\ROOT] has finished in [2,533] ms
26-Oct-2018 12:46:07.337 INFORMATION [main] org.apache.coyote.AbstractProtocol.start Starting ProtocolHandler ["http-nio-8080"]
26-Oct-2018 12:46:07.350 INFORMATION [main] org.apache.coyote.AbstractProtocol.start Starting ProtocolHandler ["ajp-nio-8009"]
26-Oct-2018 12:46:07.356 INFORMATION [main] org.apache.catalina.startup.Catalina.start Server startup in 46836 ms
26-Oct-2018 13:19:32.831 INFORMATION [http-nio-8080-exec-9] org.jboss.resteasy.logging.impl.Slf4jLogger.info Deploying javax.ws.rs.core.Application: class org.camunda.bpm.engine.rest.impl.application.DefaultApplication
26-Oct-2018 13:20:15.927 INFORMATION [http-nio-8080-exec-4] org.jboss.resteasy.logging.impl.Slf4jLogger.info Deploying javax.ws.rs.core.Application: class org.camunda.bpm.webapp.impl.engine.EngineRestApplication
26-Oct-2018 13:20:15.929 INFORMATION [http-nio-8080-exec-8] org.jboss.resteasy.logging.impl.Slf4jLogger.info Deploying javax.ws.rs.core.Application: class org.camunda.bpm.admin.impl.web.AdminApplication
26-Oct-2018 13:20:23.040 INFORMATION [http-nio-8080-exec-3] org.jboss.resteasy.logging.impl.Slf4jLogger.info Deploying javax.ws.rs.core.Application: class org.camunda.bpm.cockpit.impl.web.CockpitApplication
26-Oct-2018 13:22:23.742 INFORMATION [http-nio-8080-exec-14] org.jboss.resteasy.logging.impl.Slf4jLogger.info Deploying javax.ws.rs.core.Application: class org.camunda.bpm.tasklist.impl.web.TasklistApplication
26-Oct-2018 13:22:38.082 INFORMATION [http-nio-8080-exec-9] org.jboss.resteasy.logging.impl.Slf4jLogger.info Adding provider class org.camunda.bpm.engine.rest.mapper.JacksonConfigurator from Application class org.camunda.bpm.engine.rest.impl.application.DefaultApplication
26-Oct-2018 13:22:38.083 INFORMATION [http-nio-8080-exec-9] org.jboss.resteasy.logging.impl.Slf4jLogger.info Adding provider class com.fasterxml.jackson.jaxrs.json.JacksonJsonProvider from Application class org.camunda.bpm.engine.rest.impl.application.DefaultApplication
26-Oct-2018 13:22:38.086 INFORMATION [http-nio-8080-exec-9] org.jboss.resteasy.logging.impl.Slf4jLogger.info Adding class resource org.camunda.bpm.engine.rest.impl.JaxRsTwoDefaultProcessEngineRestServiceImpl from Application class org.camunda.bpm.engine.rest.impl.application.DefaultApplication
26-Oct-2018 13:22:38.087 INFORMATION [http-nio-8080-exec-9] org.jboss.resteasy.logging.impl.Slf4jLogger.info Adding provider class org.camunda.bpm.engine.rest.exception.RestExceptionHandler from Application class org.camunda.bpm.engine.rest.impl.application.DefaultApplication
26-Oct-2018 13:22:38.089 INFORMATION [http-nio-8080-exec-9] org.jboss.resteasy.logging.impl.Slf4jLogger.info Adding class resource org.camunda.bpm.engine.rest.impl.JaxRsTwoNamedProcessEngineRestServiceImpl from Application class org.camunda.bpm.engine.rest.impl.application.DefaultApplication
26-Oct-2018 13:22:38.104 INFORMATION [http-nio-8080-exec-9] org.jboss.resteasy.logging.impl.Slf4jLogger.info Adding provider class org.camunda.bpm.engine.rest.exception.JsonMappingExceptionHandler from Application class org.camunda.bpm.engine.rest.impl.application.DefaultApplication
26-Oct-2018 13:22:38.110 INFORMATION [http-nio-8080-exec-9] org.jboss.resteasy.logging.impl.Slf4jLogger.info Adding provider class org.camunda.bpm.engine.rest.exception.JsonParseExceptionHandler from Application class org.camunda.bpm.engine.rest.impl.application.DefaultApplication
26-Oct-2018 13:22:38.125 INFORMATION [http-nio-8080-exec-9] org.jboss.resteasy.logging.impl.Slf4jLogger.info Adding provider class org.camunda.bpm.engine.rest.exception.ProcessEngineExceptionHandler from Application class org.camunda.bpm.engine.rest.impl.application.DefaultApplication
26-Oct-2018 13:22:38.132 INFORMATION [http-nio-8080-exec-9] org.jboss.resteasy.logging.impl.Slf4jLogger.info Adding provider class org.camunda.bpm.engine.rest.mapper.MultipartPayloadProvider from Application class org.camunda.bpm.engine.rest.impl.application.DefaultApplication
26-Oct-2018 13:22:38.149 INFORMATION [http-nio-8080-exec-9] org.jboss.resteasy.logging.impl.Slf4jLogger.info Adding provider class org.camunda.bpm.engine.rest.hal.JacksonHalJsonProvider from Application class org.camunda.bpm.engine.rest.impl.application.DefaultApplication
26-Oct-2018 13:22:38.398 WARNUNG [http-nio-8080-exec-2] org.camunda.bpm.engine.rest.exception.ExceptionHandler.toResponse org.apache.catalina.connector.ClientAbortException: java.io.IOException: Eine bestehende Verbindung wurde softwaregesteuert
durch den Hostcomputer abgebrochen
	at org.apache.catalina.connector.OutputBuffer.realWriteBytes(OutputBuffer.java:333)
	at org.apache.catalina.connector.OutputBuffer.appendByteArray(OutputBuffer.java:718)
	at org.apache.catalina.connector.OutputBuffer.append(OutputBuffer.java:654)
	at org.apache.catalina.connector.OutputBuffer.writeBytes(OutputBuffer.java:368)
	at org.apache.catalina.connector.OutputBuffer.write(OutputBuffer.java:346)
	at org.apache.catalina.connector.CoyoteOutputStream.write(CoyoteOutputStream.java:96)
	at org.jboss.resteasy.plugins.server.servlet.HttpServletResponseWrapper$DeferredOutputStream.write(HttpServletResponseWrapper.java:46)
	at org.jboss.resteasy.util.CommitHeaderOutputStream.write(CommitHeaderOutputStream.java:52)
	at org.camunda.bpm.webapp.plugin.resource.AbstractAppPluginRootResource$1.write(AbstractAppPluginRootResource.java:128)
	at org.jboss.resteasy.plugins.providers.StreamingOutputProvider.writeTo(StreamingOutputProvider.java:32)
	at org.jboss.resteasy.plugins.providers.StreamingOutputProvider.writeTo(StreamingOutputProvider.java:17)
	at org.jboss.resteasy.core.interception.MessageBodyWriterContextImpl.proceed(MessageBodyWriterContextImpl.java:117)
	at org.jboss.resteasy.plugins.interceptors.encoding.GZIPEncodingInterceptor.write(GZIPEncodingInterceptor.java:104)
	at org.jboss.resteasy.core.interception.MessageBodyWriterContextImpl.proceed(MessageBodyWriterContextImpl.java:123)
	at org.jboss.resteasy.core.ServerResponse.writeTo(ServerResponse.java:250)
	at org.jboss.resteasy.core.SynchronousDispatcher.writeJaxrsResponse(SynchronousDispatcher.java:602)
	at org.jboss.resteasy.core.SynchronousDispatcher.invoke(SynchronousDispatcher.java:528)
	at org.jboss.resteasy.core.SynchronousDispatcher.invoke(SynchronousDispatcher.java:126)
	at org.jboss.resteasy.plugins.server.servlet.ServletContainerDispatcher.service(ServletContainerDispatcher.java:208)
	at org.jboss.resteasy.plugins.server.servlet.HttpServletDispatcher.service(HttpServletDispatcher.java:55)
	at org.jboss.resteasy.plugins.server.servlet.HttpServletDispatcher.service(HttpServletDispatcher.java:50)
	at javax.servlet.http.HttpServlet.service(HttpServlet.java:741)
	at org.apache.catalina.core.ApplicationFilterChain.internalDoFilter(ApplicationFilterChain.java:231)
	at org.apache.catalina.core.ApplicationFilterChain.doFilter(ApplicationFilterChain.java:166)
	at org.apache.tomcat.websocket.server.WsFilter.doFilter(WsFilter.java:53)
	at org.apache.catalina.core.ApplicationFilterChain.internalDoFilter(ApplicationFilterChain.java:193)
	at org.apache.catalina.core.ApplicationFilterChain.doFilter(ApplicationFilterChain.java:166)
	at org.camunda.bpm.engine.rest.filter.CacheControlFilter.doFilter(CacheControlFilter.java:41)
	at org.apache.catalina.core.ApplicationFilterChain.internalDoFilter(ApplicationFilterChain.java:193)
	at org.apache.catalina.core.ApplicationFilterChain.doFilter(ApplicationFilterChain.java:166)
	at org.camunda.bpm.engine.rest.filter.EmptyBodyFilter.doFilter(EmptyBodyFilter.java:97)
	at org.apache.catalina.core.ApplicationFilterChain.internalDoFilter(ApplicationFilterChain.java:193)
	at org.apache.catalina.core.ApplicationFilterChain.doFilter(ApplicationFilterChain.java:166)
	at org.camunda.bpm.webapp.impl.security.filter.SecurityFilter.doFilterSecure(SecurityFilter.java:67)
	at org.camunda.bpm.webapp.impl.security.filter.SecurityFilter.doFilter(SecurityFilter.java:51)
	at org.apache.catalina.core.ApplicationFilterChain.internalDoFilter(ApplicationFilterChain.java:193)
	at org.apache.catalina.core.ApplicationFilterChain.doFilter(ApplicationFilterChain.java:166)
	at org.camunda.bpm.webapp.impl.security.auth.AuthenticationFilter$1.execute(AuthenticationFilter.java:58)
	at org.camunda.bpm.webapp.impl.security.auth.AuthenticationFilter$1.execute(AuthenticationFilter.java:56)
	at org.camunda.bpm.webapp.impl.security.SecurityActions.runWithAuthentications(SecurityActions.java:40)
	at org.camunda.bpm.webapp.impl.security.auth.AuthenticationFilter.doFilter(AuthenticationFilter.java:56)
	at org.apache.catalina.core.ApplicationFilterChain.internalDoFilter(ApplicationFilterChain.java:193)
	at org.apache.catalina.core.ApplicationFilterChain.doFilter(ApplicationFilterChain.java:166)
	at org.apache.catalina.core.StandardWrapperValve.invoke(StandardWrapperValve.java:199)
	at org.apache.catalina.core.StandardContextValve.invoke(StandardContextValve.java:96)
	at org.apache.catalina.core.StandardHostValve.invoke(StandardHostValve.java:137)
	at org.apache.catalina.valves.ErrorReportValve.invoke(ErrorReportValve.java:81)
	at org.apache.catalina.valves.AbstractAccessLogValve.invoke(AbstractAccessLogValve.java:651)
	at org.apache.catalina.core.StandardEngineValve.invoke(StandardEngineValve.java:87)
	at org.apache.catalina.connector.CoyoteAdapter.service(CoyoteAdapter.java:342)
	at org.apache.coyote.http11.Http11Processor.service(Http11Processor.java:409)
	at org.apache.coyote.AbstractProcessorLight.process(AbstractProcessorLight.java:66)
	at org.apache.coyote.AbstractProtocol$ConnectionHandler.process(AbstractProtocol.java:754)
	at org.apache.tomcat.util.net.NioEndpoint$SocketProcessor.doRun(NioEndpoint.java:1376)
	at org.apache.tomcat.util.net.SocketProcessorBase.run(SocketProcessorBase.java:49)
	at java.util.concurrent.ThreadPoolExecutor.runWorker(Unknown Source)
	at java.util.concurrent.ThreadPoolExecutor$Worker.run(Unknown Source)
	at org.apache.tomcat.util.threads.TaskThread$WrappingRunnable.run(TaskThread.java:61)
	at java.lang.Thread.run(Unknown Source)
Caused by: java.io.IOException: Eine bestehende Verbindung wurde softwaregesteuert
durch den Hostcomputer abgebrochen
	at sun.nio.ch.SocketDispatcher.write0(Native Method)
	at sun.nio.ch.SocketDispatcher.write(Unknown Source)
	at sun.nio.ch.IOUtil.writeFromNativeBuffer(Unknown Source)
	at sun.nio.ch.IOUtil.write(Unknown Source)
	at sun.nio.ch.SocketChannelImpl.write(Unknown Source)
	at org.apache.tomcat.util.net.NioChannel.write(NioChannel.java:134)
	at org.apache.tomcat.util.net.NioBlockingSelector.write(NioBlockingSelector.java:101)
	at org.apache.tomcat.util.net.NioSelectorPool.write(NioSelectorPool.java:157)
	at org.apache.tomcat.util.net.NioEndpoint$NioSocketWrapper.doWrite(NioEndpoint.java:1184)
	at org.apache.tomcat.util.net.SocketWrapperBase.doWrite(SocketWrapperBase.java:691)
	at org.apache.tomcat.util.net.SocketWrapperBase.writeBlocking(SocketWrapperBase.java:471)
	at org.apache.tomcat.util.net.SocketWrapperBase.write(SocketWrapperBase.java:409)
	at org.apache.coyote.http11.Http11OutputBuffer$SocketOutputBuffer.doWrite(Http11OutputBuffer.java:530)
	at org.apache.coyote.http11.filters.ChunkedOutputFilter.doWrite(ChunkedOutputFilter.java:112)
	at org.apache.coyote.http11.Http11OutputBuffer.doWrite(Http11OutputBuffer.java:189)
	at org.apache.coyote.Response.doWrite(Response.java:599)
	at org.apache.catalina.connector.OutputBuffer.realWriteBytes(OutputBuffer.java:328)
	... 58 more

26-Oct-2018 13:22:39.748 INFORMATION [http-nio-8080-exec-9] org.camunda.commons.logging.BaseLogger.logInfo ENGINE-01002 Ignoring non-executable process with id 'Process_1'. Set the attribute isExecutable="true" to deploy this process.
26-Oct-2018 13:22:39.776 INFORMATION [http-nio-8080-exec-7] org.camunda.commons.logging.BaseLogger.logInfo ENGINE-01002 Ignoring non-executable process with id 'Process_1'. Set the attribute isExecutable="true" to deploy this process.
26-Oct-2018 13:23:20.681 INFORMATION [http-nio-8080-exec-12] org.camunda.commons.logging.BaseLogger.logInfo ENGINE-01002 Ignoring non-executable process with id 'Process_1'. Set the attribute isExecutable="true" to deploy this process.
26-Oct-2018 13:25:05.126 INFORMATION [http-nio-8080-exec-8] org.camunda.commons.logging.BaseLogger.logInfo ENGINE-01002 Ignoring non-executable process with id 'Process_1'. Set the attribute isExecutable="true" to deploy this process.
