15-Oct-2018 14:20:18.127 INFORMATION [main] org.apache.catalina.startup.VersionLoggerListener.log Server version:        Apache Tomcat/9.0.5
15-Oct-2018 14:20:18.139 INFORMATION [main] org.apache.catalina.startup.VersionLoggerListener.log Server built:          Feb 6 2018 21:42:23 UTC
15-Oct-2018 14:20:18.140 INFORMATION [main] org.apache.catalina.startup.VersionLoggerListener.log Server number:         9.0.5.0
15-Oct-2018 14:20:18.142 INFORMATION [main] org.apache.catalina.startup.VersionLoggerListener.log OS Name:               Windows 10
15-Oct-2018 14:20:18.143 INFORMATION [main] org.apache.catalina.startup.VersionLoggerListener.log OS Version:            10.0
15-Oct-2018 14:20:18.143 INFORMATION [main] org.apache.catalina.startup.VersionLoggerListener.log Architecture:          amd64
15-Oct-2018 14:20:18.143 INFORMATION [main] org.apache.catalina.startup.VersionLoggerListener.log Java Home:             C:\Progra~1\Java\jre1.8.0_171
15-Oct-2018 14:20:18.144 INFORMATION [main] org.apache.catalina.startup.VersionLoggerListener.log JVM Version:           1.8.0_171-b11
15-Oct-2018 14:20:18.144 INFORMATION [main] org.apache.catalina.startup.VersionLoggerListener.log JVM Vendor:            Oracle Corporation
15-Oct-2018 14:20:18.144 INFORMATION [main] org.apache.catalina.startup.VersionLoggerListener.log CATALINA_BASE:         C:\Users\XXX\Downloads\camunda-bpm-tomcat-7.9.0 (1)\server\apache-tomcat-9.0.5
15-Oct-2018 14:20:18.144 INFORMATION [main] org.apache.catalina.startup.VersionLoggerListener.log CATALINA_HOME:         C:\Users\XXX\Downloads\camunda-bpm-tomcat-7.9.0 (1)\server\apache-tomcat-9.0.5
15-Oct-2018 14:20:18.145 INFORMATION [main] org.apache.catalina.startup.VersionLoggerListener.log Command line argument: -Djava.util.logging.config.file=C:\Users\XXX\Downloads\camunda-bpm-tomcat-7.9.0 (1)\server\apache-tomcat-9.0.5\conf\logging.properties
15-Oct-2018 14:20:18.145 INFORMATION [main] org.apache.catalina.startup.VersionLoggerListener.log Command line argument: -Djava.util.logging.manager=org.apache.juli.ClassLoaderLogManager
15-Oct-2018 14:20:18.146 INFORMATION [main] org.apache.catalina.startup.VersionLoggerListener.log Command line argument: -Djdk.tls.ephemeralDHKeySize=2048
15-Oct-2018 14:20:18.146 INFORMATION [main] org.apache.catalina.startup.VersionLoggerListener.log Command line argument: -Djava.protocol.handler.pkgs=org.apache.catalina.webresources
15-Oct-2018 14:20:18.147 INFORMATION [main] org.apache.catalina.startup.VersionLoggerListener.log Command line argument: -Xmx512m
15-Oct-2018 14:20:18.148 INFORMATION [main] org.apache.catalina.startup.VersionLoggerListener.log Command line argument: -XX:MaxPermSize=256m
15-Oct-2018 14:20:18.152 INFORMATION [main] org.apache.catalina.startup.VersionLoggerListener.log Command line argument: -XX:PermSize=256m
15-Oct-2018 14:20:18.159 INFORMATION [main] org.apache.catalina.startup.VersionLoggerListener.log Command line argument: -Dignore.endorsed.dirs=
15-Oct-2018 14:20:18.160 INFORMATION [main] org.apache.catalina.startup.VersionLoggerListener.log Command line argument: -Dcatalina.base=C:\Users\XXX\Downloads\camunda-bpm-tomcat-7.9.0 (1)\server\apache-tomcat-9.0.5
15-Oct-2018 14:20:18.161 INFORMATION [main] org.apache.catalina.startup.VersionLoggerListener.log Command line argument: -Dcatalina.home=C:\Users\XXX\Downloads\camunda-bpm-tomcat-7.9.0 (1)\server\apache-tomcat-9.0.5
15-Oct-2018 14:20:18.162 INFORMATION [main] org.apache.catalina.startup.VersionLoggerListener.log Command line argument: -Djava.io.tmpdir=C:\Users\XXX\Downloads\camunda-bpm-tomcat-7.9.0 (1)\server\apache-tomcat-9.0.5\temp
15-Oct-2018 14:20:18.163 INFORMATION [main] org.apache.catalina.core.AprLifecycleListener.lifecycleEvent The APR based Apache Tomcat Native library which allows optimal performance in production environments was not found on the java.library.path: [C:\Progra~1\Java\jre1.8.0_171\bin;C:\WINDOWS\Sun\Java\bin;C:\WINDOWS\system32;C:\WINDOWS;C:\Program Files (x86)\Common Files\Oracle\Java\javapath;C:\Python27\;C:\Python27\Scripts;C:\Python36\Scripts\;C:\Python36\;C:\Program Files (x86)\Razer Chroma SDK\bin;C:\Program Files\Razer Chroma SDK\bin;C:\ProgramData\Oracle\Java\javapath;C:\WINDOWS\system32;C:\WINDOWS;C:\WINDOWS\System32\Wbem;C:\WINDOWS\System32\WindowsPowerShell\v1.0\;C:\Program Files\Git\cmd;C:\Program Files (x86)\Yarn\bin;C:\ProgramData\chocolatey\bin;C:\Users\XXX\AppData\Local\Microsoft\WindowsApps;C:\Users\XXX\AppData\Local\atom\bin;C:\Users\XXX\.babun;C:\Users\XXX\AppData\Local\Yarn\.bin;C:\Users\XXX\AppData\Roaming\npm;C:\Program Files (x86)\OpenVPN\bin;C:\Program Files\Microsoft VS Code\bin;C:\Program Files (x86)\NoteBook FanControl\;C:\WINDOWS\system32;C:\WINDOWS;C:\WINDOWS\System32\Wbem;C:\WINDOWS\System32\WindowsPowerShell\v1.0\;C:\WINDOWS\System32\OpenSSH\;C:\Users\XXX\AppData\Roaming\nvm;C:\Program Files\nodejs;C:\Program Files (x86)\Windows Kits\8.1\Windows Performance Toolkit\;C:\Program Files\Gource\cmd;C:\tools\ruby25\bin;C:\Users\XXX\AppData\Local\hyper\app-2.0.0\resources\bin;C:\ffmpeg\bin;.]
15-Oct-2018 14:20:18.684 INFORMATION [main] org.apache.coyote.AbstractProtocol.init Initializing ProtocolHandler ["http-nio-8080"]
15-Oct-2018 14:20:19.850 INFORMATION [main] org.apache.tomcat.util.net.NioSelectorPool.getSharedSelector Using a shared selector for servlet write/read
15-Oct-2018 14:20:19.867 INFORMATION [main] org.apache.coyote.AbstractProtocol.init Initializing ProtocolHandler ["ajp-nio-8009"]
15-Oct-2018 14:20:19.873 INFORMATION [main] org.apache.tomcat.util.net.NioSelectorPool.getSharedSelector Using a shared selector for servlet write/read
15-Oct-2018 14:20:19.874 INFORMATION [main] org.apache.catalina.startup.Catalina.load Initialization processed in 2858 ms
15-Oct-2018 14:20:20.475 INFORMATION [main] org.camunda.commons.logging.BaseLogger.logInfo ENGINE-08046 Found camunda bpm platform configuration in CATALINA_BASE/CATALINA_HOME conf directory [C:\Users\XXX\Downloads\camunda-bpm-tomcat-7.9.0 (1)\server\apache-tomcat-9.0.5\conf\bpm-platform.xml] at 'file:/C:/Users/XXX/Downloads/camunda-bpm-tomcat-7.9.0%20(1)/server/apache-tomcat-9.0.5/conf/bpm-platform.xml'
15-Oct-2018 14:20:21.958 INFORMATION [main] org.camunda.commons.logging.BaseLogger.logInfo ENGINE-12003 Plugin 'ProcessApplicationEventListenerPlugin' activated on process engine 'default'
15-Oct-2018 14:20:21.985 INFORMATION [main] org.camunda.commons.logging.BaseLogger.logInfo ENGINE-12003 Plugin 'SpinProcessEnginePlugin' activated on process engine 'default'
15-Oct-2018 14:20:22.004 INFORMATION [main] org.camunda.commons.logging.BaseLogger.logInfo SPIN-01010 Discovered Spin data format provider: org.camunda.spin.impl.json.jackson.format.JacksonJsonDataFormatProvider[name = application/json]
15-Oct-2018 14:20:22.635 INFORMATION [main] org.camunda.commons.logging.BaseLogger.logInfo SPIN-01010 Discovered Spin data format provider: org.camunda.spin.impl.xml.dom.format.DomXmlDataFormatProvider[name = application/xml]
15-Oct-2018 14:20:22.667 INFORMATION [main] org.camunda.commons.logging.BaseLogger.logInfo SPIN-01009 Discovered Spin data format: org.camunda.spin.impl.xml.dom.format.DomXmlDataFormat[name = application/xml]
15-Oct-2018 14:20:22.669 INFORMATION [main] org.camunda.commons.logging.BaseLogger.logInfo SPIN-01009 Discovered Spin data format: org.camunda.spin.impl.json.jackson.format.JacksonJsonDataFormat[name = application/json]
15-Oct-2018 14:20:22.671 INFORMATION [main] org.camunda.commons.logging.BaseLogger.logInfo ENGINE-12003 Plugin 'ConnectProcessEnginePlugin' activated on process engine 'default'
15-Oct-2018 14:20:24.268 INFORMATION [main] org.camunda.commons.logging.BaseLogger.logInfo CNCT-01004 Discovered provider for connector id 'http-connector' and class 'org.camunda.connect.httpclient.impl.HttpConnectorImpl': 'org.camunda.connect.httpclient.impl.HttpConnectorProviderImpl'
15-Oct-2018 14:20:24.276 INFORMATION [main] org.camunda.commons.logging.BaseLogger.logInfo CNCT-01004 Discovered provider for connector id 'soap-http-connector' and class 'org.camunda.connect.httpclient.soap.impl.SoapHttpConnectorImpl': 'org.camunda.connect.httpclient.soap.impl.SoapHttpConnectorProviderImpl'
15-Oct-2018 14:20:32.697 INFORMATION [main] org.camunda.commons.logging.BaseLogger.logInfo ENGINE-03016 Performing database operation 'create' on component 'engine' with resource 'org/camunda/bpm/engine/db/create/activiti.h2.create.engine.sql'
15-Oct-2018 14:20:32.792 INFORMATION [main] org.camunda.commons.logging.BaseLogger.logInfo ENGINE-03016 Performing database operation 'create' on component 'history' with resource 'org/camunda/bpm/engine/db/create/activiti.h2.create.history.sql'
15-Oct-2018 14:20:32.832 INFORMATION [main] org.camunda.commons.logging.BaseLogger.logInfo ENGINE-03016 Performing database operation 'create' on component 'identity' with resource 'org/camunda/bpm/engine/db/create/activiti.h2.create.identity.sql'
15-Oct-2018 14:20:32.883 INFORMATION [main] org.camunda.commons.logging.BaseLogger.logInfo ENGINE-03016 Performing database operation 'create' on component 'case.engine' with resource 'org/camunda/bpm/engine/db/create/activiti.h2.create.case.engine.sql'
15-Oct-2018 14:20:32.907 INFORMATION [main] org.camunda.commons.logging.BaseLogger.logInfo ENGINE-03016 Performing database operation 'create' on component 'case.history' with resource 'org/camunda/bpm/engine/db/create/activiti.h2.create.case.history.sql'
15-Oct-2018 14:20:32.930 INFORMATION [main] org.camunda.commons.logging.BaseLogger.logInfo ENGINE-03016 Performing database operation 'create' on component 'decision.engine' with resource 'org/camunda/bpm/engine/db/create/activiti.h2.create.decision.engine.sql'
15-Oct-2018 14:20:32.957 INFORMATION [main] org.camunda.commons.logging.BaseLogger.logInfo ENGINE-03016 Performing database operation 'create' on component 'decision.history' with resource 'org/camunda/bpm/engine/db/create/activiti.h2.create.decision.history.sql'
15-Oct-2018 14:20:33.092 INFORMATION [main] org.camunda.commons.logging.BaseLogger.logInfo ENGINE-03067 No history level property found in database
15-Oct-2018 14:20:33.100 INFORMATION [main] org.camunda.commons.logging.BaseLogger.logInfo ENGINE-03065 Creating historyLevel property in database for level: HistoryLevelFull(name=full, id=3)
15-Oct-2018 14:20:33.232 INFORMATION [main] org.camunda.commons.logging.BaseLogger.logInfo ENGINE-00001 Process Engine default created.
15-Oct-2018 14:20:33.241 INFORMATION [main] org.camunda.commons.logging.BaseLogger.logInfo ENGINE-14014 Starting up the JobExecutor[org.camunda.bpm.engine.impl.jobexecutor.RuntimeContainerJobExecutor].
15-Oct-2018 14:20:33.250 INFORMATION [Thread-6] org.camunda.commons.logging.BaseLogger.logInfo ENGINE-14018 JobExecutor[org.camunda.bpm.engine.impl.jobexecutor.RuntimeContainerJobExecutor] starting to acquire jobs
15-Oct-2018 14:20:33.266 INFORMATION [main] org.camunda.commons.logging.BaseLogger.logInfo ENGINE-08048 Camunda BPM platform sucessfully started at 'Apache Tomcat/9.0.5'.
15-Oct-2018 14:20:33.303 INFORMATION [main] org.apache.catalina.core.StandardService.startInternal Starting service [Catalina]
15-Oct-2018 14:20:33.307 INFORMATION [main] org.apache.catalina.core.StandardEngine.startInternal Starting Servlet Engine: Apache Tomcat/9.0.5
15-Oct-2018 14:20:33.344 INFORMATION [main] org.apache.catalina.startup.HostConfig.deployDirectory Deploying web application directory [C:\Users\XXX\Downloads\camunda-bpm-tomcat-7.9.0 (1)\server\apache-tomcat-9.0.5\webapps\camunda]
15-Oct-2018 14:20:43.453 INFORMATION [main] org.apache.jasper.servlet.TldScanner.scanJars At least one JAR was scanned for TLDs yet contained no TLDs. Enable debug logging for this logger for a complete list of JARs that were scanned but no TLDs were found in them. Skipping unneeded JARs during scanning can improve startup time and JSP compilation time.
15-Oct-2018 14:20:44.581 INFORMATION [main] org.apache.catalina.startup.HostConfig.deployDirectory Deployment of web application directory [C:\Users\XXX\Downloads\camunda-bpm-tomcat-7.9.0 (1)\server\apache-tomcat-9.0.5\webapps\camunda] has finished in [11,236] ms
15-Oct-2018 14:20:44.582 INFORMATION [main] org.apache.catalina.startup.HostConfig.deployDirectory Deploying web application directory [C:\Users\XXX\Downloads\camunda-bpm-tomcat-7.9.0 (1)\server\apache-tomcat-9.0.5\webapps\camunda-invoice]
15-Oct-2018 14:20:50.245 INFORMATION [main] org.camunda.commons.logging.BaseLogger.logInfo ENGINE-07015 Detected @ProcessApplication class 'org.camunda.bpm.example.invoice.InvoiceProcessApplication'
15-Oct-2018 14:20:50.355 INFORMATION [main] org.apache.jasper.servlet.TldScanner.scanJars At least one JAR was scanned for TLDs yet contained no TLDs. Enable debug logging for this logger for a complete list of JARs that were scanned but no TLDs were found in them. Skipping unneeded JARs during scanning can improve startup time and JSP compilation time.
15-Oct-2018 14:20:50.378 INFORMATION [main] org.camunda.commons.logging.BaseLogger.logInfo ENGINE-08024 Found processes.xml file at file:/C:/Users/XXX/Downloads/camunda-bpm-tomcat-7.9.0%20(1)/server/apache-tomcat-9.0.5/webapps/camunda-invoice/WEB-INF/classes/META-INF/processes.xml
15-Oct-2018 14:20:51.499 INFORMATION [main] org.camunda.commons.logging.BaseLogger.logInfo ENGINE-07021 ProcessApplication 'camunda-invoice' registered for DB deployments [c0d3a66f-d074-11e8-a940-68f72804702d]. Will execute process definitions 

        invoice[version: 1, id: invoice:1:c0f670b3-d074-11e8-a940-68f72804702d]

Will execute case definitions 

        ReviewInvoiceCase[version: 1, id: ReviewInvoiceCase:1:c142bbf5-d074-11e8-a940-68f72804702d]

15-Oct-2018 14:20:51.533 INFORMATION [main] org.camunda.commons.logging.BaseLogger.logInfo ENGINE-08023 Deployment summary for process archive 'camunda-invoice': 

        invoiceBusinessDecisions.dmn
        invoice.v2.bpmn
        review-invoice.cmmn

15-Oct-2018 14:20:51.779 INFORMATION [main] org.camunda.commons.logging.BaseLogger.logInfo ENGINE-07021 ProcessApplication 'camunda-invoice' registered for DB deployments [c17d2ce9-d074-11e8-a940-68f72804702d, c0d3a66f-d074-11e8-a940-68f72804702d]. Will execute process definitions 

        invoice[version: 2, id: invoice:2:c188c5ad-d074-11e8-a940-68f72804702d]
        invoice[version: 1, id: invoice:1:c0f670b3-d074-11e8-a940-68f72804702d]

Will execute case definitions 

        ReviewInvoiceCase[version: 2, id: ReviewInvoiceCase:2:c19325ef-d074-11e8-a940-68f72804702d]
        ReviewInvoiceCase[version: 1, id: ReviewInvoiceCase:1:c142bbf5-d074-11e8-a940-68f72804702d]

15-Oct-2018 14:20:51.809 INFORMATION [main] org.camunda.commons.logging.BaseLogger.logInfo SPIN-01010 Discovered Spin data format provider: org.camunda.spin.impl.json.jackson.format.JacksonJsonDataFormatProvider[name = application/json]
15-Oct-2018 14:20:51.815 INFORMATION [main] org.camunda.commons.logging.BaseLogger.logInfo SPIN-01010 Discovered Spin data format provider: org.camunda.spin.impl.xml.dom.format.DomXmlDataFormatProvider[name = application/xml]
15-Oct-2018 14:20:51.822 INFORMATION [main] org.camunda.commons.logging.BaseLogger.logInfo SPIN-01009 Discovered Spin data format: org.camunda.spin.impl.xml.dom.format.DomXmlDataFormat[name = application/xml]
15-Oct-2018 14:20:51.825 INFORMATION [main] org.camunda.commons.logging.BaseLogger.logInfo SPIN-01009 Discovered Spin data format: org.camunda.spin.impl.json.jackson.format.JacksonJsonDataFormat[name = application/json]
15-Oct-2018 14:20:51.859 INFORMATION [main] org.camunda.bpm.example.invoice.DemoDataGenerator.createUsers Generating demo data for invoice showcase
15-Oct-2018 14:20:52.654 INFORMATION [main] org.camunda.bpm.example.invoice.InvoiceProcessApplication.startProcessInstances Start 3 instances of Invoice Receipt, version 1
15-Oct-2018 14:20:54.824 INFORMATION [main] org.camunda.bpm.example.invoice.service.NotifyCreditorService.execute 

  ... Now notifying creditor Bobby's Office Supplies


15-Oct-2018 14:20:55.223 INFORMATION [main] org.camunda.bpm.example.invoice.InvoiceProcessApplication.startProcessInstances Start 3 instances of Invoice Receipt, version 2
15-Oct-2018 14:20:55.749 INFORMATION [main] org.camunda.commons.logging.BaseLogger.logInfo ENGINE-08050 Process application camunda-invoice successfully deployed
15-Oct-2018 14:20:55.765 INFORMATION [main] org.apache.catalina.startup.HostConfig.deployDirectory Deployment of web application directory [C:\Users\XXX\Downloads\camunda-bpm-tomcat-7.9.0 (1)\server\apache-tomcat-9.0.5\webapps\camunda-invoice] has finished in [11,183] ms
15-Oct-2018 14:20:55.767 INFORMATION [main] org.apache.catalina.startup.HostConfig.deployDirectory Deploying web application directory [C:\Users\XXX\Downloads\camunda-bpm-tomcat-7.9.0 (1)\server\apache-tomcat-9.0.5\webapps\camunda-welcome]
15-Oct-2018 14:20:59.847 INFORMATION [main] org.apache.jasper.servlet.TldScanner.scanJars At least one JAR was scanned for TLDs yet contained no TLDs. Enable debug logging for this logger for a complete list of JARs that were scanned but no TLDs were found in them. Skipping unneeded JARs during scanning can improve startup time and JSP compilation time.
15-Oct-2018 14:20:59.854 INFORMATION [main] org.apache.catalina.startup.HostConfig.deployDirectory Deployment of web application directory [C:\Users\XXX\Downloads\camunda-bpm-tomcat-7.9.0 (1)\server\apache-tomcat-9.0.5\webapps\camunda-welcome] has finished in [4,088] ms
15-Oct-2018 14:20:59.855 INFORMATION [main] org.apache.catalina.startup.HostConfig.deployDirectory Deploying web application directory [C:\Users\XXX\Downloads\camunda-bpm-tomcat-7.9.0 (1)\server\apache-tomcat-9.0.5\webapps\docs]
15-Oct-2018 14:21:04.139 INFORMATION [main] org.apache.jasper.servlet.TldScanner.scanJars At least one JAR was scanned for TLDs yet contained no TLDs. Enable debug logging for this logger for a complete list of JARs that were scanned but no TLDs were found in them. Skipping unneeded JARs during scanning can improve startup time and JSP compilation time.
15-Oct-2018 14:21:04.146 INFORMATION [main] org.apache.catalina.startup.HostConfig.deployDirectory Deployment of web application directory [C:\Users\XXX\Downloads\camunda-bpm-tomcat-7.9.0 (1)\server\apache-tomcat-9.0.5\webapps\docs] has finished in [4,291] ms
15-Oct-2018 14:21:04.148 INFORMATION [main] org.apache.catalina.startup.HostConfig.deployDirectory Deploying web application directory [C:\Users\XXX\Downloads\camunda-bpm-tomcat-7.9.0 (1)\server\apache-tomcat-9.0.5\webapps\engine-rest]
15-Oct-2018 14:21:09.977 INFORMATION [main] org.apache.jasper.servlet.TldScanner.scanJars At least one JAR was scanned for TLDs yet contained no TLDs. Enable debug logging for this logger for a complete list of JARs that were scanned but no TLDs were found in them. Skipping unneeded JARs during scanning can improve startup time and JSP compilation time.
15-Oct-2018 14:21:10.414 INFORMATION [main] org.apache.catalina.startup.HostConfig.deployDirectory Deployment of web application directory [C:\Users\XXX\Downloads\camunda-bpm-tomcat-7.9.0 (1)\server\apache-tomcat-9.0.5\webapps\engine-rest] has finished in [6,265] ms
15-Oct-2018 14:21:10.415 INFORMATION [main] org.apache.catalina.startup.HostConfig.deployDirectory Deploying web application directory [C:\Users\XXX\Downloads\camunda-bpm-tomcat-7.9.0 (1)\server\apache-tomcat-9.0.5\webapps\examples]
15-Oct-2018 14:21:15.009 INFORMATION [main] org.apache.jasper.servlet.TldScanner.scanJars At least one JAR was scanned for TLDs yet contained no TLDs. Enable debug logging for this logger for a complete list of JARs that were scanned but no TLDs were found in them. Skipping unneeded JARs during scanning can improve startup time and JSP compilation time.
15-Oct-2018 14:21:15.090 INFORMATION [main] org.apache.catalina.startup.HostConfig.deployDirectory Deployment of web application directory [C:\Users\XXX\Downloads\camunda-bpm-tomcat-7.9.0 (1)\server\apache-tomcat-9.0.5\webapps\examples] has finished in [4,674] ms
15-Oct-2018 14:21:15.091 INFORMATION [main] org.apache.catalina.startup.HostConfig.deployDirectory Deploying web application directory [C:\Users\XXX\Downloads\camunda-bpm-tomcat-7.9.0 (1)\server\apache-tomcat-9.0.5\webapps\h2]
15-Oct-2018 14:21:18.316 INFORMATION [main] org.apache.jasper.servlet.TldScanner.scanJars At least one JAR was scanned for TLDs yet contained no TLDs. Enable debug logging for this logger for a complete list of JARs that were scanned but no TLDs were found in them. Skipping unneeded JARs during scanning can improve startup time and JSP compilation time.
15-Oct-2018 14:21:18.329 INFORMATION [main] org.apache.catalina.startup.HostConfig.deployDirectory Deployment of web application directory [C:\Users\XXX\Downloads\camunda-bpm-tomcat-7.9.0 (1)\server\apache-tomcat-9.0.5\webapps\h2] has finished in [3,238] ms
15-Oct-2018 14:21:18.330 INFORMATION [main] org.apache.catalina.startup.HostConfig.deployDirectory Deploying web application directory [C:\Users\XXX\Downloads\camunda-bpm-tomcat-7.9.0 (1)\server\apache-tomcat-9.0.5\webapps\host-manager]
15-Oct-2018 14:21:21.315 INFORMATION [main] org.apache.jasper.servlet.TldScanner.scanJars At least one JAR was scanned for TLDs yet contained no TLDs. Enable debug logging for this logger for a complete list of JARs that were scanned but no TLDs were found in them. Skipping unneeded JARs during scanning can improve startup time and JSP compilation time.
15-Oct-2018 14:21:21.324 INFORMATION [main] org.apache.catalina.startup.HostConfig.deployDirectory Deployment of web application directory [C:\Users\XXX\Downloads\camunda-bpm-tomcat-7.9.0 (1)\server\apache-tomcat-9.0.5\webapps\host-manager] has finished in [2,994] ms
15-Oct-2018 14:21:21.325 INFORMATION [main] org.apache.catalina.startup.HostConfig.deployDirectory Deploying web application directory [C:\Users\XXX\Downloads\camunda-bpm-tomcat-7.9.0 (1)\server\apache-tomcat-9.0.5\webapps\manager]
15-Oct-2018 14:21:24.284 INFORMATION [main] org.apache.jasper.servlet.TldScanner.scanJars At least one JAR was scanned for TLDs yet contained no TLDs. Enable debug logging for this logger for a complete list of JARs that were scanned but no TLDs were found in them. Skipping unneeded JARs during scanning can improve startup time and JSP compilation time.
15-Oct-2018 14:21:24.291 INFORMATION [main] org.apache.catalina.startup.HostConfig.deployDirectory Deployment of web application directory [C:\Users\XXX\Downloads\camunda-bpm-tomcat-7.9.0 (1)\server\apache-tomcat-9.0.5\webapps\manager] has finished in [2,966] ms
15-Oct-2018 14:21:24.292 INFORMATION [main] org.apache.catalina.startup.HostConfig.deployDirectory Deploying web application directory [C:\Users\XXX\Downloads\camunda-bpm-tomcat-7.9.0 (1)\server\apache-tomcat-9.0.5\webapps\ROOT]
15-Oct-2018 14:21:27.135 INFORMATION [main] org.apache.jasper.servlet.TldScanner.scanJars At least one JAR was scanned for TLDs yet contained no TLDs. Enable debug logging for this logger for a complete list of JARs that were scanned but no TLDs were found in them. Skipping unneeded JARs during scanning can improve startup time and JSP compilation time.
15-Oct-2018 14:21:27.138 INFORMATION [main] org.apache.catalina.startup.HostConfig.deployDirectory Deployment of web application directory [C:\Users\XXX\Downloads\camunda-bpm-tomcat-7.9.0 (1)\server\apache-tomcat-9.0.5\webapps\ROOT] has finished in [2,847] ms
15-Oct-2018 14:21:27.141 INFORMATION [main] org.apache.coyote.AbstractProtocol.start Starting ProtocolHandler ["http-nio-8080"]
15-Oct-2018 14:21:27.153 INFORMATION [main] org.apache.coyote.AbstractProtocol.start Starting ProtocolHandler ["ajp-nio-8009"]
15-Oct-2018 14:21:27.157 INFORMATION [main] org.apache.catalina.startup.Catalina.start Server startup in 67281 ms
15-Oct-2018 14:22:02.810 INFORMATION [http-nio-8080-exec-2] org.jboss.resteasy.logging.impl.Slf4jLogger.info Deploying javax.ws.rs.core.Application: class org.camunda.bpm.webapp.impl.engine.EngineRestApplication
15-Oct-2018 14:22:02.812 INFORMATION [http-nio-8080-exec-6] org.jboss.resteasy.logging.impl.Slf4jLogger.info Deploying javax.ws.rs.core.Application: class org.camunda.bpm.admin.impl.web.AdminApplication
15-Oct-2018 14:22:15.919 INFORMATION [http-nio-8080-exec-1] org.jboss.resteasy.logging.impl.Slf4jLogger.info Deploying javax.ws.rs.core.Application: class org.camunda.bpm.cockpit.impl.web.CockpitApplication
15-Oct-2018 14:37:02.122 INFORMATION [http-nio-8080-exec-6] org.jboss.resteasy.logging.impl.Slf4jLogger.info Deploying javax.ws.rs.core.Application: class org.camunda.bpm.tasklist.impl.web.TasklistApplication
15-Oct-2018 14:38:31.445 INFORMATION [pool-2-thread-2] org.camunda.bpm.example.invoice.service.ArchiveInvoiceService.execute 

  ... Now archiving invoice BOS-43934, filename: invoice.pdf 


15-Oct-2018 16:43:23.746 INFORMATION [Thread-8] org.camunda.commons.logging.BaseLogger.logInfo ENGINE-14015 Shutting down the JobExecutor[org.camunda.bpm.engine.impl.jobexecutor.RuntimeContainerJobExecutor]
15-Oct-2018 16:43:23.747 INFORMATION [Thread-6] org.camunda.commons.logging.BaseLogger.logInfo ENGINE-14020 JobExecutor[org.camunda.bpm.engine.impl.jobexecutor.RuntimeContainerJobExecutor] stopped job acquisition
15-Oct-2018 16:43:23.762 INFORMATION [Thread-8] org.camunda.commons.logging.BaseLogger.logInfo ENGINE-08051 Process application camunda-invoice undeployed
15-Oct-2018 16:43:23.765 INFORMATION [Thread-8] org.camunda.commons.logging.BaseLogger.logInfo ENGINE-00007 Process Engine default closed
15-Oct-2018 16:43:23.765 INFORMATION [Thread-8] org.camunda.commons.logging.BaseLogger.logInfo ENGINE-08049 Camunda BPM platform stopped at 'Apache Tomcat/9.0.5'
15-Oct-2018 16:43:23.768 INFORMATION [Thread-8] org.apache.coyote.AbstractProtocol.pause Pausing ProtocolHandler ["http-nio-8080"]
15-Oct-2018 16:43:24.168 INFORMATION [Thread-8] org.apache.coyote.AbstractProtocol.pause Pausing ProtocolHandler ["ajp-nio-8009"]
15-Oct-2018 16:43:24.605 INFORMATION [Thread-8] org.apache.catalina.core.StandardService.stopInternal Stopping service [Catalina]
15-Oct-2018 16:43:24.693 WARNUNG [Thread-8] org.camunda.commons.logging.BaseLogger.logWarn ENGINE-07017 Calling undeploy() on process application that is not deployed.
15-Oct-2018 16:43:24.769 INFORMATION [Thread-8] org.apache.coyote.AbstractProtocol.stop Stopping ProtocolHandler ["http-nio-8080"]
15-Oct-2018 16:43:24.772 INFORMATION [Thread-8] org.apache.coyote.AbstractProtocol.stop Stopping ProtocolHandler ["ajp-nio-8009"]
15-Oct-2018 16:43:24.777 INFORMATION [Thread-8] org.apache.coyote.AbstractProtocol.destroy Destroying ProtocolHandler ["http-nio-8080"]
15-Oct-2018 16:43:24.779 INFORMATION [Thread-8] org.apache.coyote.AbstractProtocol.destroy Destroying ProtocolHandler ["ajp-nio-8009"]
15-Oct-2018 16:43:30.375 INFORMATION [main] org.apache.catalina.startup.VersionLoggerListener.log Server version:        Apache Tomcat/9.0.5
15-Oct-2018 16:43:30.378 INFORMATION [main] org.apache.catalina.startup.VersionLoggerListener.log Server built:          Feb 6 2018 21:42:23 UTC
15-Oct-2018 16:43:30.378 INFORMATION [main] org.apache.catalina.startup.VersionLoggerListener.log Server number:         9.0.5.0
15-Oct-2018 16:43:30.378 INFORMATION [main] org.apache.catalina.startup.VersionLoggerListener.log OS Name:               Windows 10
15-Oct-2018 16:43:30.379 INFORMATION [main] org.apache.catalina.startup.VersionLoggerListener.log OS Version:            10.0
15-Oct-2018 16:43:30.379 INFORMATION [main] org.apache.catalina.startup.VersionLoggerListener.log Architecture:          amd64
15-Oct-2018 16:43:30.379 INFORMATION [main] org.apache.catalina.startup.VersionLoggerListener.log Java Home:             C:\Progra~1\Java\jre1.8.0_171
15-Oct-2018 16:43:30.379 INFORMATION [main] org.apache.catalina.startup.VersionLoggerListener.log JVM Version:           1.8.0_171-b11
15-Oct-2018 16:43:30.379 INFORMATION [main] org.apache.catalina.startup.VersionLoggerListener.log JVM Vendor:            Oracle Corporation
15-Oct-2018 16:43:30.380 INFORMATION [main] org.apache.catalina.startup.VersionLoggerListener.log CATALINA_BASE:         C:\Users\XXX\Downloads\camunda-bpm-tomcat-7.9.0 (1)\server\apache-tomcat-9.0.5
15-Oct-2018 16:43:30.380 INFORMATION [main] org.apache.catalina.startup.VersionLoggerListener.log CATALINA_HOME:         C:\Users\XXX\Downloads\camunda-bpm-tomcat-7.9.0 (1)\server\apache-tomcat-9.0.5
15-Oct-2018 16:43:30.380 INFORMATION [main] org.apache.catalina.startup.VersionLoggerListener.log Command line argument: -Djava.util.logging.config.file=C:\Users\XXX\Downloads\camunda-bpm-tomcat-7.9.0 (1)\server\apache-tomcat-9.0.5\conf\logging.properties
15-Oct-2018 16:43:30.380 INFORMATION [main] org.apache.catalina.startup.VersionLoggerListener.log Command line argument: -Djava.util.logging.manager=org.apache.juli.ClassLoaderLogManager
15-Oct-2018 16:43:30.381 INFORMATION [main] org.apache.catalina.startup.VersionLoggerListener.log Command line argument: -Djdk.tls.ephemeralDHKeySize=2048
15-Oct-2018 16:43:30.381 INFORMATION [main] org.apache.catalina.startup.VersionLoggerListener.log Command line argument: -Djava.protocol.handler.pkgs=org.apache.catalina.webresources
15-Oct-2018 16:43:30.382 INFORMATION [main] org.apache.catalina.startup.VersionLoggerListener.log Command line argument: -Xmx512m
15-Oct-2018 16:43:30.382 INFORMATION [main] org.apache.catalina.startup.VersionLoggerListener.log Command line argument: -XX:MaxPermSize=256m
15-Oct-2018 16:43:30.385 INFORMATION [main] org.apache.catalina.startup.VersionLoggerListener.log Command line argument: -XX:PermSize=256m
15-Oct-2018 16:43:30.385 INFORMATION [main] org.apache.catalina.startup.VersionLoggerListener.log Command line argument: -Dignore.endorsed.dirs=
15-Oct-2018 16:43:30.386 INFORMATION [main] org.apache.catalina.startup.VersionLoggerListener.log Command line argument: -Dcatalina.base=C:\Users\XXX\Downloads\camunda-bpm-tomcat-7.9.0 (1)\server\apache-tomcat-9.0.5
15-Oct-2018 16:43:30.386 INFORMATION [main] org.apache.catalina.startup.VersionLoggerListener.log Command line argument: -Dcatalina.home=C:\Users\XXX\Downloads\camunda-bpm-tomcat-7.9.0 (1)\server\apache-tomcat-9.0.5
15-Oct-2018 16:43:30.392 INFORMATION [main] org.apache.catalina.startup.VersionLoggerListener.log Command line argument: -Djava.io.tmpdir=C:\Users\XXX\Downloads\camunda-bpm-tomcat-7.9.0 (1)\server\apache-tomcat-9.0.5\temp
15-Oct-2018 16:43:30.393 INFORMATION [main] org.apache.catalina.core.AprLifecycleListener.lifecycleEvent The APR based Apache Tomcat Native library which allows optimal performance in production environments was not found on the java.library.path: [C:\Progra~1\Java\jre1.8.0_171\bin;C:\WINDOWS\Sun\Java\bin;C:\WINDOWS\system32;C:\WINDOWS;C:\Program Files (x86)\Common Files\Oracle\Java\javapath;C:\Python27\;C:\Python27\Scripts;C:\Python36\Scripts\;C:\Python36\;C:\Program Files (x86)\Razer Chroma SDK\bin;C:\Program Files\Razer Chroma SDK\bin;C:\ProgramData\Oracle\Java\javapath;C:\WINDOWS\system32;C:\WINDOWS;C:\WINDOWS\System32\Wbem;C:\WINDOWS\System32\WindowsPowerShell\v1.0\;C:\Program Files\Git\cmd;C:\Program Files (x86)\Yarn\bin;C:\ProgramData\chocolatey\bin;C:\Users\XXX\AppData\Local\Microsoft\WindowsApps;C:\Users\XXX\AppData\Local\atom\bin;C:\Users\XXX\.babun;C:\Users\XXX\AppData\Local\Yarn\.bin;C:\Users\XXX\AppData\Roaming\npm;C:\Program Files (x86)\OpenVPN\bin;C:\Program Files\Microsoft VS Code\bin;C:\Program Files (x86)\NoteBook FanControl\;C:\WINDOWS\system32;C:\WINDOWS;C:\WINDOWS\System32\Wbem;C:\WINDOWS\System32\WindowsPowerShell\v1.0\;C:\WINDOWS\System32\OpenSSH\;C:\Users\XXX\AppData\Roaming\nvm;C:\Program Files\nodejs;C:\Program Files (x86)\Windows Kits\8.1\Windows Performance Toolkit\;C:\Program Files\Gource\cmd;C:\tools\ruby25\bin;C:\Users\XXX\AppData\Local\hyper\app-2.0.0\resources\bin;C:\ffmpeg\bin;.]
15-Oct-2018 16:43:30.553 INFORMATION [main] org.apache.coyote.AbstractProtocol.init Initializing ProtocolHandler ["http-nio-8080"]
15-Oct-2018 16:43:30.986 INFORMATION [main] org.apache.tomcat.util.net.NioSelectorPool.getSharedSelector Using a shared selector for servlet write/read
15-Oct-2018 16:43:30.992 INFORMATION [main] org.apache.coyote.AbstractProtocol.init Initializing ProtocolHandler ["ajp-nio-8009"]
15-Oct-2018 16:43:30.994 INFORMATION [main] org.apache.tomcat.util.net.NioSelectorPool.getSharedSelector Using a shared selector for servlet write/read
15-Oct-2018 16:43:30.995 INFORMATION [main] org.apache.catalina.startup.Catalina.load Initialization processed in 1144 ms
15-Oct-2018 16:43:31.333 INFORMATION [main] org.camunda.commons.logging.BaseLogger.logInfo ENGINE-08046 Found camunda bpm platform configuration in CATALINA_BASE/CATALINA_HOME conf directory [C:\Users\XXX\Downloads\camunda-bpm-tomcat-7.9.0 (1)\server\apache-tomcat-9.0.5\conf\bpm-platform.xml] at 'file:/C:/Users/XXX/Downloads/camunda-bpm-tomcat-7.9.0%20(1)/server/apache-tomcat-9.0.5/conf/bpm-platform.xml'
15-Oct-2018 16:43:31.923 INFORMATION [main] org.camunda.commons.logging.BaseLogger.logInfo ENGINE-12003 Plugin 'ProcessApplicationEventListenerPlugin' activated on process engine 'default'
15-Oct-2018 16:43:31.929 INFORMATION [main] org.camunda.commons.logging.BaseLogger.logInfo ENGINE-12003 Plugin 'SpinProcessEnginePlugin' activated on process engine 'default'
15-Oct-2018 16:43:31.936 INFORMATION [main] org.camunda.commons.logging.BaseLogger.logInfo SPIN-01010 Discovered Spin data format provider: org.camunda.spin.impl.json.jackson.format.JacksonJsonDataFormatProvider[name = application/json]
15-Oct-2018 16:43:32.197 INFORMATION [main] org.camunda.commons.logging.BaseLogger.logInfo SPIN-01010 Discovered Spin data format provider: org.camunda.spin.impl.xml.dom.format.DomXmlDataFormatProvider[name = application/xml]
15-Oct-2018 16:43:32.208 INFORMATION [main] org.camunda.commons.logging.BaseLogger.logInfo SPIN-01009 Discovered Spin data format: org.camunda.spin.impl.xml.dom.format.DomXmlDataFormat[name = application/xml]
15-Oct-2018 16:43:32.209 INFORMATION [main] org.camunda.commons.logging.BaseLogger.logInfo SPIN-01009 Discovered Spin data format: org.camunda.spin.impl.json.jackson.format.JacksonJsonDataFormat[name = application/json]
15-Oct-2018 16:43:32.209 INFORMATION [main] org.camunda.commons.logging.BaseLogger.logInfo ENGINE-12003 Plugin 'ConnectProcessEnginePlugin' activated on process engine 'default'
15-Oct-2018 16:43:32.803 INFORMATION [main] org.camunda.commons.logging.BaseLogger.logInfo CNCT-01004 Discovered provider for connector id 'http-connector' and class 'org.camunda.connect.httpclient.impl.HttpConnectorImpl': 'org.camunda.connect.httpclient.impl.HttpConnectorProviderImpl'
15-Oct-2018 16:43:32.805 INFORMATION [main] org.camunda.commons.logging.BaseLogger.logInfo CNCT-01004 Discovered provider for connector id 'soap-http-connector' and class 'org.camunda.connect.httpclient.soap.impl.SoapHttpConnectorImpl': 'org.camunda.connect.httpclient.soap.impl.SoapHttpConnectorProviderImpl'
15-Oct-2018 16:43:36.105 INFORMATION [main] org.camunda.commons.logging.BaseLogger.logInfo ENGINE-00001 Process Engine default created.
15-Oct-2018 16:43:36.107 INFORMATION [main] org.camunda.commons.logging.BaseLogger.logInfo ENGINE-14014 Starting up the JobExecutor[org.camunda.bpm.engine.impl.jobexecutor.RuntimeContainerJobExecutor].
15-Oct-2018 16:43:36.111 INFORMATION [Thread-6] org.camunda.commons.logging.BaseLogger.logInfo ENGINE-14018 JobExecutor[org.camunda.bpm.engine.impl.jobexecutor.RuntimeContainerJobExecutor] starting to acquire jobs
15-Oct-2018 16:43:36.122 INFORMATION [main] org.camunda.commons.logging.BaseLogger.logInfo ENGINE-08048 Camunda BPM platform sucessfully started at 'Apache Tomcat/9.0.5'.
15-Oct-2018 16:43:36.136 INFORMATION [main] org.apache.catalina.core.StandardService.startInternal Starting service [Catalina]
15-Oct-2018 16:43:36.136 INFORMATION [main] org.apache.catalina.core.StandardEngine.startInternal Starting Servlet Engine: Apache Tomcat/9.0.5
15-Oct-2018 16:43:36.145 INFORMATION [main] org.apache.catalina.startup.HostConfig.deployDirectory Deploying web application directory [C:\Users\XXX\Downloads\camunda-bpm-tomcat-7.9.0 (1)\server\apache-tomcat-9.0.5\webapps\camunda]
15-Oct-2018 16:43:40.617 INFORMATION [main] org.apache.jasper.servlet.TldScanner.scanJars At least one JAR was scanned for TLDs yet contained no TLDs. Enable debug logging for this logger for a complete list of JARs that were scanned but no TLDs were found in them. Skipping unneeded JARs during scanning can improve startup time and JSP compilation time.
15-Oct-2018 16:43:41.216 INFORMATION [main] org.apache.catalina.startup.HostConfig.deployDirectory Deployment of web application directory [C:\Users\XXX\Downloads\camunda-bpm-tomcat-7.9.0 (1)\server\apache-tomcat-9.0.5\webapps\camunda] has finished in [5,070] ms
15-Oct-2018 16:43:41.216 INFORMATION [main] org.apache.catalina.startup.HostConfig.deployDirectory Deploying web application directory [C:\Users\XXX\Downloads\camunda-bpm-tomcat-7.9.0 (1)\server\apache-tomcat-9.0.5\webapps\camunda-invoice]
15-Oct-2018 16:43:44.054 INFORMATION [main] org.camunda.commons.logging.BaseLogger.logInfo ENGINE-07015 Detected @ProcessApplication class 'org.camunda.bpm.example.invoice.InvoiceProcessApplication'
15-Oct-2018 16:43:44.104 INFORMATION [main] org.apache.jasper.servlet.TldScanner.scanJars At least one JAR was scanned for TLDs yet contained no TLDs. Enable debug logging for this logger for a complete list of JARs that were scanned but no TLDs were found in them. Skipping unneeded JARs during scanning can improve startup time and JSP compilation time.
15-Oct-2018 16:43:44.115 INFORMATION [main] org.camunda.commons.logging.BaseLogger.logInfo ENGINE-08024 Found processes.xml file at file:/C:/Users/XXX/Downloads/camunda-bpm-tomcat-7.9.0%20(1)/server/apache-tomcat-9.0.5/webapps/camunda-invoice/WEB-INF/classes/META-INF/processes.xml
15-Oct-2018 16:43:44.148 INFORMATION [main] org.camunda.commons.logging.BaseLogger.logInfo ENGINE-08023 Deployment summary for process archive 'camunda-invoice': 

        invoiceBusinessDecisions.dmn
        invoice.v2.bpmn
        review-invoice.cmmn

15-Oct-2018 16:43:44.715 INFORMATION [main] org.camunda.commons.logging.BaseLogger.logInfo ENGINE-07021 ProcessApplication 'camunda-invoice' registered for DB deployments [c17d2ce9-d074-11e8-a940-68f72804702d, c0d3a66f-d074-11e8-a940-68f72804702d]. Will execute process definitions 

        invoice[version: 2, id: invoice:2:c188c5ad-d074-11e8-a940-68f72804702d]
        invoice[version: 1, id: invoice:1:c0f670b3-d074-11e8-a940-68f72804702d]

Will execute case definitions 

        ReviewInvoiceCase[version: 2, id: ReviewInvoiceCase:2:c19325ef-d074-11e8-a940-68f72804702d]
        ReviewInvoiceCase[version: 1, id: ReviewInvoiceCase:1:c142bbf5-d074-11e8-a940-68f72804702d]

15-Oct-2018 16:43:44.723 INFORMATION [main] org.camunda.commons.logging.BaseLogger.logInfo SPIN-01010 Discovered Spin data format provider: org.camunda.spin.impl.json.jackson.format.JacksonJsonDataFormatProvider[name = application/json]
15-Oct-2018 16:43:44.728 INFORMATION [main] org.camunda.commons.logging.BaseLogger.logInfo SPIN-01010 Discovered Spin data format provider: org.camunda.spin.impl.xml.dom.format.DomXmlDataFormatProvider[name = application/xml]
15-Oct-2018 16:43:44.732 INFORMATION [main] org.camunda.commons.logging.BaseLogger.logInfo SPIN-01009 Discovered Spin data format: org.camunda.spin.impl.xml.dom.format.DomXmlDataFormat[name = application/xml]
15-Oct-2018 16:43:44.732 INFORMATION [main] org.camunda.commons.logging.BaseLogger.logInfo SPIN-01009 Discovered Spin data format: org.camunda.spin.impl.json.jackson.format.JacksonJsonDataFormat[name = application/json]
15-Oct-2018 16:43:44.819 INFORMATION [main] org.camunda.bpm.example.invoice.InvoiceProcessApplication.startProcessInstances No new instances of Invoice Receipt version 1 started, there are 3 instances running
15-Oct-2018 16:43:44.855 INFORMATION [main] org.camunda.bpm.example.invoice.InvoiceProcessApplication.startProcessInstances No new instances of Invoice Receipt version 2 started, there are 1 instances running
15-Oct-2018 16:43:44.856 INFORMATION [main] org.camunda.commons.logging.BaseLogger.logInfo ENGINE-08050 Process application camunda-invoice successfully deployed
15-Oct-2018 16:43:44.864 INFORMATION [main] org.apache.catalina.startup.HostConfig.deployDirectory Deployment of web application directory [C:\Users\XXX\Downloads\camunda-bpm-tomcat-7.9.0 (1)\server\apache-tomcat-9.0.5\webapps\camunda-invoice] has finished in [3,648] ms
15-Oct-2018 16:43:44.865 INFORMATION [main] org.apache.catalina.startup.HostConfig.deployDirectory Deploying web application directory [C:\Users\XXX\Downloads\camunda-bpm-tomcat-7.9.0 (1)\server\apache-tomcat-9.0.5\webapps\camunda-welcome]
15-Oct-2018 16:43:47.202 INFORMATION [main] org.apache.jasper.servlet.TldScanner.scanJars At least one JAR was scanned for TLDs yet contained no TLDs. Enable debug logging for this logger for a complete list of JARs that were scanned but no TLDs were found in them. Skipping unneeded JARs during scanning can improve startup time and JSP compilation time.
15-Oct-2018 16:43:47.207 INFORMATION [main] org.apache.catalina.startup.HostConfig.deployDirectory Deployment of web application directory [C:\Users\XXX\Downloads\camunda-bpm-tomcat-7.9.0 (1)\server\apache-tomcat-9.0.5\webapps\camunda-welcome] has finished in [2,342] ms
15-Oct-2018 16:43:47.207 INFORMATION [main] org.apache.catalina.startup.HostConfig.deployDirectory Deploying web application directory [C:\Users\XXX\Downloads\camunda-bpm-tomcat-7.9.0 (1)\server\apache-tomcat-9.0.5\webapps\docs]
15-Oct-2018 16:43:49.485 INFORMATION [main] org.apache.jasper.servlet.TldScanner.scanJars At least one JAR was scanned for TLDs yet contained no TLDs. Enable debug logging for this logger for a complete list of JARs that were scanned but no TLDs were found in them. Skipping unneeded JARs during scanning can improve startup time and JSP compilation time.
15-Oct-2018 16:43:49.488 INFORMATION [main] org.apache.catalina.startup.HostConfig.deployDirectory Deployment of web application directory [C:\Users\XXX\Downloads\camunda-bpm-tomcat-7.9.0 (1)\server\apache-tomcat-9.0.5\webapps\docs] has finished in [2,281] ms
15-Oct-2018 16:43:49.489 INFORMATION [main] org.apache.catalina.startup.HostConfig.deployDirectory Deploying web application directory [C:\Users\XXX\Downloads\camunda-bpm-tomcat-7.9.0 (1)\server\apache-tomcat-9.0.5\webapps\engine-rest]
15-Oct-2018 16:43:52.504 INFORMATION [main] org.apache.jasper.servlet.TldScanner.scanJars At least one JAR was scanned for TLDs yet contained no TLDs. Enable debug logging for this logger for a complete list of JARs that were scanned but no TLDs were found in them. Skipping unneeded JARs during scanning can improve startup time and JSP compilation time.
15-Oct-2018 16:43:52.763 INFORMATION [main] org.apache.catalina.startup.HostConfig.deployDirectory Deployment of web application directory [C:\Users\XXX\Downloads\camunda-bpm-tomcat-7.9.0 (1)\server\apache-tomcat-9.0.5\webapps\engine-rest] has finished in [3,274] ms
15-Oct-2018 16:43:52.764 INFORMATION [main] org.apache.catalina.startup.HostConfig.deployDirectory Deploying web application directory [C:\Users\XXX\Downloads\camunda-bpm-tomcat-7.9.0 (1)\server\apache-tomcat-9.0.5\webapps\examples]
15-Oct-2018 16:43:55.489 INFORMATION [main] org.apache.jasper.servlet.TldScanner.scanJars At least one JAR was scanned for TLDs yet contained no TLDs. Enable debug logging for this logger for a complete list of JARs that were scanned but no TLDs were found in them. Skipping unneeded JARs during scanning can improve startup time and JSP compilation time.
15-Oct-2018 16:43:55.537 INFORMATION [main] org.apache.catalina.startup.HostConfig.deployDirectory Deployment of web application directory [C:\Users\XXX\Downloads\camunda-bpm-tomcat-7.9.0 (1)\server\apache-tomcat-9.0.5\webapps\examples] has finished in [2,772] ms
15-Oct-2018 16:43:55.537 INFORMATION [main] org.apache.catalina.startup.HostConfig.deployDirectory Deploying web application directory [C:\Users\XXX\Downloads\camunda-bpm-tomcat-7.9.0 (1)\server\apache-tomcat-9.0.5\webapps\h2]
15-Oct-2018 16:43:57.878 INFORMATION [main] org.apache.jasper.servlet.TldScanner.scanJars At least one JAR was scanned for TLDs yet contained no TLDs. Enable debug logging for this logger for a complete list of JARs that were scanned but no TLDs were found in them. Skipping unneeded JARs during scanning can improve startup time and JSP compilation time.
15-Oct-2018 16:43:57.888 INFORMATION [main] org.apache.catalina.startup.HostConfig.deployDirectory Deployment of web application directory [C:\Users\XXX\Downloads\camunda-bpm-tomcat-7.9.0 (1)\server\apache-tomcat-9.0.5\webapps\h2] has finished in [2,350] ms
15-Oct-2018 16:43:57.888 INFORMATION [main] org.apache.catalina.startup.HostConfig.deployDirectory Deploying web application directory [C:\Users\XXX\Downloads\camunda-bpm-tomcat-7.9.0 (1)\server\apache-tomcat-9.0.5\webapps\host-manager]
15-Oct-2018 16:44:00.110 INFORMATION [main] org.apache.jasper.servlet.TldScanner.scanJars At least one JAR was scanned for TLDs yet contained no TLDs. Enable debug logging for this logger for a complete list of JARs that were scanned but no TLDs were found in them. Skipping unneeded JARs during scanning can improve startup time and JSP compilation time.
15-Oct-2018 16:44:00.117 INFORMATION [main] org.apache.catalina.startup.HostConfig.deployDirectory Deployment of web application directory [C:\Users\XXX\Downloads\camunda-bpm-tomcat-7.9.0 (1)\server\apache-tomcat-9.0.5\webapps\host-manager] has finished in [2,229] ms
15-Oct-2018 16:44:00.117 INFORMATION [main] org.apache.catalina.startup.HostConfig.deployDirectory Deploying web application directory [C:\Users\XXX\Downloads\camunda-bpm-tomcat-7.9.0 (1)\server\apache-tomcat-9.0.5\webapps\manager]
15-Oct-2018 16:44:02.371 INFORMATION [main] org.apache.jasper.servlet.TldScanner.scanJars At least one JAR was scanned for TLDs yet contained no TLDs. Enable debug logging for this logger for a complete list of JARs that were scanned but no TLDs were found in them. Skipping unneeded JARs during scanning can improve startup time and JSP compilation time.
15-Oct-2018 16:44:02.376 INFORMATION [main] org.apache.catalina.startup.HostConfig.deployDirectory Deployment of web application directory [C:\Users\XXX\Downloads\camunda-bpm-tomcat-7.9.0 (1)\server\apache-tomcat-9.0.5\webapps\manager] has finished in [2,259] ms
15-Oct-2018 16:44:02.376 INFORMATION [main] org.apache.catalina.startup.HostConfig.deployDirectory Deploying web application directory [C:\Users\XXX\Downloads\camunda-bpm-tomcat-7.9.0 (1)\server\apache-tomcat-9.0.5\webapps\ROOT]
15-Oct-2018 16:44:04.567 INFORMATION [main] org.apache.jasper.servlet.TldScanner.scanJars At least one JAR was scanned for TLDs yet contained no TLDs. Enable debug logging for this logger for a complete list of JARs that were scanned but no TLDs were found in them. Skipping unneeded JARs during scanning can improve startup time and JSP compilation time.
15-Oct-2018 16:44:04.570 INFORMATION [main] org.apache.catalina.startup.HostConfig.deployDirectory Deployment of web application directory [C:\Users\XXX\Downloads\camunda-bpm-tomcat-7.9.0 (1)\server\apache-tomcat-9.0.5\webapps\ROOT] has finished in [2,194] ms
15-Oct-2018 16:44:04.573 INFORMATION [main] org.apache.coyote.AbstractProtocol.start Starting ProtocolHandler ["http-nio-8080"]
15-Oct-2018 16:44:04.583 INFORMATION [main] org.apache.coyote.AbstractProtocol.start Starting ProtocolHandler ["ajp-nio-8009"]
15-Oct-2018 16:44:04.586 INFORMATION [main] org.apache.catalina.startup.Catalina.start Server startup in 33590 ms
15-Oct-2018 16:44:14.809 INFORMATION [http-nio-8080-exec-4] org.jboss.resteasy.logging.impl.Slf4jLogger.info Deploying javax.ws.rs.core.Application: class org.camunda.bpm.cockpit.impl.web.CockpitApplication
15-Oct-2018 16:44:15.102 INFORMATION [http-nio-8080-exec-6] org.jboss.resteasy.logging.impl.Slf4jLogger.info Deploying javax.ws.rs.core.Application: class org.camunda.bpm.webapp.impl.engine.EngineRestApplication
15-Oct-2018 16:44:15.128 INFORMATION [http-nio-8080-exec-8] org.jboss.resteasy.logging.impl.Slf4jLogger.info Deploying javax.ws.rs.core.Application: class org.camunda.bpm.admin.impl.web.AdminApplication
15-Oct-2018 16:46:45.319 INFORMATION [http-nio-8080-exec-3] org.jboss.resteasy.logging.impl.Slf4jLogger.info Deploying javax.ws.rs.core.Application: class org.camunda.bpm.tasklist.impl.web.TasklistApplication
